This file contains any messages produced by compilers while
running configure, to aid debugging if configure makes a mistake.

It was created by Calculate configure 0.3, which was
generated by GNU Autoconf 2.69.  Invocation command line was

  $ ./configure --no-create --no-recursion

## --------- ##
## Platform. ##
## --------- ##

hostname = prahalad-Lenovo-G510
uname -m = x86_64
uname -r = 3.19.0-42-generic
uname -s = Linux
uname -v = #48~14.04.1-Ubuntu SMP Fri Dec 18 10:24:49 UTC 2015

/usr/bin/uname -p = unknown
/bin/uname -X     = unknown

/bin/arch              = unknown
/usr/bin/arch -k       = unknown
/usr/convex/getsysinfo = unknown
/usr/bin/hostinfo      = unknown
/bin/machine           = unknown
/usr/bin/oslevel       = unknown
/bin/universe          = unknown

PATH: /home/prahalad/.rbenv/plugins/ruby-build/bin
PATH: /home/prahalad/.rbenv/shims
PATH: /home/prahalad/.rbenv/bin
PATH: /usr/local/sbin
PATH: /usr/local/bin
PATH: /usr/sbin
PATH: /usr/bin
PATH: /sbin
PATH: /bin
PATH: /usr/games
PATH: /usr/local/games


## ----------- ##
## Core tests. ##
## ----------- ##

configure:2301: checking for gcc
configure:2317: found /usr/bin/gcc
configure:2328: result: gcc
configure:2557: checking for C compiler version
configure:2566: gcc --version >&5
gcc (Ubuntu 4.8.4-2ubuntu1~14.04) 4.8.4
Copyright (C) 2013 Free Software Foundation, Inc.
This is free software; see the source for copying conditions.  There is NO
warranty; not even for MERCHANTABILITY or FITNESS FOR A PARTICULAR PURPOSE.

configure:2577: $? = 0
configure:2566: gcc -v >&5
Using built-in specs.
COLLECT_GCC=gcc
COLLECT_LTO_WRAPPER=/usr/lib/gcc/x86_64-linux-gnu/4.8/lto-wrapper
Target: x86_64-linux-gnu
Configured with: ../src/configure -v --with-pkgversion='Ubuntu 4.8.4-2ubuntu1~14.04' --with-bugurl=file:///usr/share/doc/gcc-4.8/README.Bugs --enable-languages=c,c++,java,go,d,fortran,objc,obj-c++ --prefix=/usr --program-suffix=-4.8 --enable-shared --enable-linker-build-id --libexecdir=/usr/lib --without-included-gettext --enable-threads=posix --with-gxx-include-dir=/usr/include/c++/4.8 --libdir=/usr/lib --enable-nls --with-sysroot=/ --enable-clocale=gnu --enable-libstdcxx-debug --enable-libstdcxx-time=yes --enable-gnu-unique-object --disable-libmudflap --enable-plugin --with-system-zlib --disable-browser-plugin --enable-java-awt=gtk --enable-gtk-cairo --with-java-home=/usr/lib/jvm/java-1.5.0-gcj-4.8-amd64/jre --enable-java-home --with-jvm-root-dir=/usr/lib/jvm/java-1.5.0-gcj-4.8-amd64 --with-jvm-jar-dir=/usr/lib/jvm-exports/java-1.5.0-gcj-4.8-amd64 --with-arch-directory=amd64 --with-ecj-jar=/usr/share/java/eclipse-ecj.jar --enable-objc-gc --enable-multiarch --disable-werror --with-arch-32=i686 --with-abi=m64 --with-multilib-list=m32,m64,mx32 --with-tune=generic --enable-checking=release --build=x86_64-linux-gnu --host=x86_64-linux-gnu --target=x86_64-linux-gnu
Thread model: posix
gcc version 4.8.4 (Ubuntu 4.8.4-2ubuntu1~14.04) 
configure:2577: $? = 0
configure:2566: gcc -V >&5
gcc: error: unrecognized command line option '-V'
gcc: fatal error: no input files
compilation terminated.
configure:2577: $? = 4
configure:2566: gcc -qversion >&5
gcc: error: unrecognized command line option '-qversion'
gcc: fatal error: no input files
compilation terminated.
configure:2577: $? = 4
configure:2597: checking whether the C compiler works
configure:2619: gcc    conftest.c  >&5
configure:2623: $? = 0
configure:2671: result: yes
configure:2674: checking for C compiler default output file name
configure:2676: result: a.out
configure:2682: checking for suffix of executables
configure:2689: gcc -o conftest    conftest.c  >&5
configure:2693: $? = 0
configure:2715: result: 
configure:2737: checking whether we are cross compiling
configure:2745: gcc -o conftest    conftest.c  >&5
configure:2749: $? = 0
configure:2756: ./conftest
configure:2760: $? = 0
configure:2775: result: no
configure:2780: checking for suffix of object files
configure:2802: gcc -c   conftest.c >&5
configure:2806: $? = 0
configure:2827: result: o
configure:2831: checking whether we are using the GNU C compiler
configure:2850: gcc -c   conftest.c >&5
configure:2850: $? = 0
configure:2859: result: yes
configure:2868: checking whether gcc accepts -g
configure:2888: gcc -c -g  conftest.c >&5
configure:2888: $? = 0
configure:2929: result: yes
configure:2946: checking for gcc option to accept ISO C89
configure:3009: gcc  -c -g -O2  conftest.c >&5
configure:3009: $? = 0
configure:3022: result: none needed
configure:3047: checking whether gcc understands -c and -o together
configure:3069: gcc -c conftest.c -o conftest2.o
configure:3072: $? = 0
configure:3069: gcc -c conftest.c -o conftest2.o
configure:3072: $? = 0
configure:3084: result: yes
configure:3151: checking for ar
configure:3167: found /usr/bin/ar
configure:3178: result: ar
configure:3204: checking the archiver (ar) interface
configure:3220: gcc -c -g -O2  conftest.c >&5
configure:3220: $? = 0
configure:3222: ar cru libconftest.a conftest.o >&5
configure:3225: $? = 0
configure:3253: result: ar
configure:3297: checking for a BSD-compatible install
configure:3365: result: /usr/bin/install -c
configure:3376: checking whether build environment is sane
configure:3431: result: yes
configure:3579: checking for a thread-safe mkdir -p
configure:3618: result: /bin/mkdir -p
configure:3625: checking for gawk
configure:3655: result: no
configure:3625: checking for mawk
configure:3641: found /usr/bin/mawk
configure:3652: result: mawk
configure:3663: checking whether make sets $(MAKE)
configure:3685: result: yes
configure:3715: checking for style of include used by make
configure:3743: result: GNU
configure:3777: checking whether make supports nested variables
configure:3794: result: yes
configure:3879: checking dependency style of gcc
configure:3990: result: gcc3
configure:4097: checking for gcc
configure:4124: result: gcc
configure:4353: checking for C compiler version
configure:4362: gcc --version >&5
gcc (Ubuntu 4.8.4-2ubuntu1~14.04) 4.8.4
Copyright (C) 2013 Free Software Foundation, Inc.
This is free software; see the source for copying conditions.  There is NO
warranty; not even for MERCHANTABILITY or FITNESS FOR A PARTICULAR PURPOSE.

configure:4373: $? = 0
configure:4362: gcc -v >&5
Using built-in specs.
COLLECT_GCC=gcc
COLLECT_LTO_WRAPPER=/usr/lib/gcc/x86_64-linux-gnu/4.8/lto-wrapper
Target: x86_64-linux-gnu
Configured with: ../src/configure -v --with-pkgversion='Ubuntu 4.8.4-2ubuntu1~14.04' --with-bugurl=file:///usr/share/doc/gcc-4.8/README.Bugs --enable-languages=c,c++,java,go,d,fortran,objc,obj-c++ --prefix=/usr --program-suffix=-4.8 --enable-shared --enable-linker-build-id --libexecdir=/usr/lib --without-included-gettext --enable-threads=posix --with-gxx-include-dir=/usr/include/c++/4.8 --libdir=/usr/lib --enable-nls --with-sysroot=/ --enable-clocale=gnu --enable-libstdcxx-debug --enable-libstdcxx-time=yes --enable-gnu-unique-object --disable-libmudflap --enable-plugin --with-system-zlib --disable-browser-plugin --enable-java-awt=gtk --enable-gtk-cairo --with-java-home=/usr/lib/jvm/java-1.5.0-gcj-4.8-amd64/jre --enable-java-home --with-jvm-root-dir=/usr/lib/jvm/java-1.5.0-gcj-4.8-amd64 --with-jvm-jar-dir=/usr/lib/jvm-exports/java-1.5.0-gcj-4.8-amd64 --with-arch-directory=amd64 --with-ecj-jar=/usr/share/java/eclipse-ecj.jar --enable-objc-gc --enable-multiarch --disable-werror --with-arch-32=i686 --with-abi=m64 --with-multilib-list=m32,m64,mx32 --with-tune=generic --enable-checking=release --build=x86_64-linux-gnu --host=x86_64-linux-gnu --target=x86_64-linux-gnu
Thread model: posix
gcc version 4.8.4 (Ubuntu 4.8.4-2ubuntu1~14.04) 
configure:4373: $? = 0
configure:4362: gcc -V >&5
gcc: error: unrecognized command line option '-V'
gcc: fatal error: no input files
compilation terminated.
configure:4373: $? = 4
configure:4362: gcc -qversion >&5
gcc: error: unrecognized command line option '-qversion'
gcc: fatal error: no input files
compilation terminated.
configure:4373: $? = 4
configure:4377: checking whether we are using the GNU C compiler
configure:4405: result: yes
configure:4414: checking whether gcc accepts -g
configure:4475: result: yes
configure:4492: checking for gcc option to accept ISO C89
configure:4568: result: none needed
configure:4593: checking whether gcc understands -c and -o together
configure:4630: result: yes
configure:4676: checking build system type
configure:4690: result: x86_64-unknown-linux-gnu
configure:4710: checking host system type
configure:4723: result: x86_64-unknown-linux-gnu
configure:4764: checking how to print strings
configure:4791: result: printf
configure:4812: checking for a sed that does not truncate output
configure:4876: result: /bin/sed
configure:4894: checking for grep that handles long lines and -e
configure:4952: result: /bin/grep
configure:4957: checking for egrep
configure:5019: result: /bin/grep -E
configure:5024: checking for fgrep
configure:5086: result: /bin/grep -F
configure:5121: checking for ld used by gcc
configure:5188: result: /usr/bin/ld
configure:5195: checking if the linker (/usr/bin/ld) is GNU ld
configure:5210: result: yes
configure:5222: checking for BSD- or MS-compatible name lister (nm)
configure:5271: result: /usr/bin/nm -B
configure:5401: checking the name lister (/usr/bin/nm -B) interface
configure:5408: gcc -c -g -O2  conftest.c >&5
configure:5411: /usr/bin/nm -B "conftest.o"
configure:5414: output
0000000000000000 B some_variable
configure:5421: result: BSD nm
configure:5424: checking whether ln -s works
configure:5428: result: yes
configure:5436: checking the maximum length of command line arguments
configure:5567: result: 3458764513820540925
configure:5584: checking whether the shell understands some XSI constructs
configure:5594: result: yes
configure:5598: checking whether the shell understands "+="
configure:5604: result: yes
configure:5639: checking how to convert x86_64-unknown-linux-gnu file names to x86_64-unknown-linux-gnu format
configure:5679: result: func_convert_file_noop
configure:5686: checking how to convert x86_64-unknown-linux-gnu file names to toolchain format
configure:5706: result: func_convert_file_noop
configure:5713: checking for /usr/bin/ld option to reload object files
configure:5720: result: -r
configure:5794: checking for objdump
configure:5810: found /usr/bin/objdump
configure:5821: result: objdump
configure:5853: checking how to recognize dependent libraries
configure:6051: result: pass_all
configure:6136: checking for dlltool
configure:6166: result: no
configure:6196: checking how to associate runtime and link libraries
configure:6223: result: printf %s\n
configure:6347: checking for archiver @FILE support
configure:6364: gcc -c -g -O2  conftest.c >&5
configure:6364: $? = 0
configure:6367: ar cru libconftest.a @conftest.lst >&5
configure:6370: $? = 0
configure:6375: ar cru libconftest.a @conftest.lst >&5
ar: conftest.o: No such file or directory
configure:6378: $? = 1
configure:6390: result: @
configure:6448: checking for strip
configure:6464: found /usr/bin/strip
configure:6475: result: strip
configure:6547: checking for ranlib
configure:6563: found /usr/bin/ranlib
configure:6574: result: ranlib
configure:6676: checking command to parse /usr/bin/nm -B output from gcc object
configure:6796: gcc -c -g -O2  conftest.c >&5
configure:6799: $? = 0
configure:6803: /usr/bin/nm -B conftest.o \| sed -n -e 's/^.*[ ]\([ABCDGIRSTW][ABCDGIRSTW]*\)[ ][ ]*\([_A-Za-z][_A-Za-z0-9]*\)$/\1 \2 \2/p' | sed '/ __gnu_lto/d' \> conftest.nm
configure:6806: $? = 0
configure:6872: gcc -o conftest -g -O2   conftest.c conftstm.o >&5
configure:6875: $? = 0
configure:6913: result: ok
configure:6950: checking for sysroot
configure:6980: result: no
configure:7057: gcc -c -g -O2  conftest.c >&5
configure:7060: $? = 0
configure:7249: checking for mt
configure:7265: found /bin/mt
configure:7276: result: mt
configure:7299: checking if mt is a manifest tool
configure:7305: mt '-?'
configure:7313: result: no
configure:7955: checking how to run the C preprocessor
configure:7986: gcc -E  conftest.c
configure:7986: $? = 0
configure:8000: gcc -E  conftest.c
conftest.c:11:28: fatal error: ac_nonexistent.h: No such file or directory
 #include <ac_nonexistent.h>
                            ^
compilation terminated.
configure:8000: $? = 1
configure: failed program was:
| /* confdefs.h */
| #define PACKAGE_NAME "Calculate"
| #define PACKAGE_TARNAME "calculate"
| #define PACKAGE_VERSION "0.3"
| #define PACKAGE_STRING "Calculate 0.3"
| #define PACKAGE_BUGREPORT "check-devel AT lists.sourceforge.net"
| #define PACKAGE_URL ""
| #define PACKAGE "calculate"
| #define VERSION "0.3"
| /* end confdefs.h.  */
| #include <ac_nonexistent.h>
configure:8025: result: gcc -E
configure:8045: gcc -E  conftest.c
configure:8045: $? = 0
configure:8059: gcc -E  conftest.c
conftest.c:11:28: fatal error: ac_nonexistent.h: No such file or directory
 #include <ac_nonexistent.h>
                            ^
compilation terminated.
configure:8059: $? = 1
configure: failed program was:
| /* confdefs.h */
| #define PACKAGE_NAME "Calculate"
| #define PACKAGE_TARNAME "calculate"
| #define PACKAGE_VERSION "0.3"
| #define PACKAGE_STRING "Calculate 0.3"
| #define PACKAGE_BUGREPORT "check-devel AT lists.sourceforge.net"
| #define PACKAGE_URL ""
| #define PACKAGE "calculate"
| #define VERSION "0.3"
| /* end confdefs.h.  */
| #include <ac_nonexistent.h>
configure:8088: checking for ANSI C header files
configure:8108: gcc -c -g -O2  conftest.c >&5
configure:8108: $? = 0
configure:8181: gcc -o conftest -g -O2   conftest.c  >&5
configure:8181: $? = 0
configure:8181: ./conftest
configure:8181: $? = 0
configure:8192: result: yes
configure:8205: checking for sys/types.h
configure:8205: gcc -c -g -O2  conftest.c >&5
configure:8205: $? = 0
configure:8205: result: yes
configure:8205: checking for sys/stat.h
configure:8205: gcc -c -g -O2  conftest.c >&5
configure:8205: $? = 0
configure:8205: result: yes
configure:8205: checking for stdlib.h
configure:8205: gcc -c -g -O2  conftest.c >&5
configure:8205: $? = 0
configure:8205: result: yes
configure:8205: checking for string.h
configure:8205: gcc -c -g -O2  conftest.c >&5
configure:8205: $? = 0
configure:8205: result: yes
configure:8205: checking for memory.h
configure:8205: gcc -c -g -O2  conftest.c >&5
configure:8205: $? = 0
configure:8205: result: yes
configure:8205: checking for strings.h
configure:8205: gcc -c -g -O2  conftest.c >&5
configure:8205: $? = 0
configure:8205: result: yes
configure:8205: checking for inttypes.h
configure:8205: gcc -c -g -O2  conftest.c >&5
configure:8205: $? = 0
configure:8205: result: yes
configure:8205: checking for stdint.h
configure:8205: gcc -c -g -O2  conftest.c >&5
configure:8205: $? = 0
configure:8205: result: yes
configure:8205: checking for unistd.h
configure:8205: gcc -c -g -O2  conftest.c >&5
configure:8205: $? = 0
configure:8205: result: yes
configure:8219: checking for dlfcn.h
configure:8219: gcc -c -g -O2  conftest.c >&5
configure:8219: $? = 0
configure:8219: result: yes
configure:8425: checking for objdir
configure:8440: result: .libs
configure:8707: checking if gcc supports -fno-rtti -fno-exceptions
configure:8725: gcc -c -g -O2  -fno-rtti -fno-exceptions conftest.c >&5
cc1: warning: command line option '-fno-rtti' is valid for C++/ObjC++ but not for C [enabled by default]
configure:8729: $? = 0
configure:8742: result: no
configure:9069: checking for gcc option to produce PIC
configure:9076: result: -fPIC -DPIC
configure:9084: checking if gcc PIC flag -fPIC -DPIC works
configure:9102: gcc -c -g -O2  -fPIC -DPIC -DPIC conftest.c >&5
configure:9106: $? = 0
configure:9119: result: yes
configure:9148: checking if gcc static flag -static works
configure:9176: result: yes
configure:9191: checking if gcc supports -c -o file.o
configure:9212: gcc -c -g -O2  -o out/conftest2.o conftest.c >&5
configure:9216: $? = 0
configure:9238: result: yes
configure:9246: checking if gcc supports -c -o file.o
configure:9293: result: yes
configure:9326: checking whether the gcc linker (/usr/bin/ld -m elf_x86_64) supports shared libraries
configure:10483: result: yes
configure:10520: checking whether -lc should be explicitly linked in
configure:10528: gcc -c -g -O2  conftest.c >&5
configure:10531: $? = 0
configure:10546: gcc -shared  -fPIC -DPIC conftest.o  -v -Wl,-soname -Wl,conftest -o conftest 2\>\&1 \| /bin/grep  -lc  \>/dev/null 2\>\&1
configure:10549: $? = 0
configure:10563: result: no
configure:10723: checking dynamic linker characteristics
configure:11223: gcc -o conftest -g -O2   -Wl,-rpath -Wl,/foo conftest.c  >&5
configure:11223: $? = 0
configure:11457: result: GNU/Linux ld.so
configure:11564: checking how to hardcode library paths into programs
configure:11589: result: immediate
configure:12129: checking whether stripping libraries is possible
configure:12134: result: yes
configure:12169: checking if libtool supports shared libraries
configure:12171: result: yes
configure:12174: checking whether to build shared libraries
configure:12195: result: yes
configure:12198: checking whether to build static libraries
configure:12202: result: yes
configure:12256: checking for floor in -lm
configure:12281: gcc -o conftest -g -O2   conftest.c -lm   >&5
conftest.c:30:6: warning: conflicting types for built-in function 'floor' [enabled by default]
 char floor ();
      ^
configure:12281: $? = 0
configure:12290: result: yes
configure:12301: checking for setitimer in -lrt
configure:12326: gcc -o conftest -g -O2   conftest.c -lrt  -lm  >&5
configure:12326: $? = 0
configure:12335: result: yes
configure:12346: checking for pthread_create in -lpthread
configure:12371: gcc -o conftest -g -O2   conftest.c -lpthread  -lrt -lm  >&5
configure:12371: $? = 0
configure:12380: result: yes
configure:12411: WARNING: AM_PATH_CHECK() is deprecated
configure:12413: WARNING: use PKG_CHECK_MODULES([CHECK], [check >= 0.9.4]) instead
configure:12424: checking for check - version >= 0.8.2
configure:12499: gcc -c -g -O2   conftest.c >&5
conftest.c: In function 'main':
conftest.c:66:10: warning: ignoring return value of 'system', declared with attribute warn_unused_result [-Wunused-result]
   system ("touch conf.check-test");
          ^
configure:12499: $? = 0
configure:12510: result: yes
configure:12574: checking for ANSI C header files
configure:12678: result: yes
configure:12688: checking for stdlib.h
configure:12688: result: yes
configure:12704: checking for stdlib.h
configure:12704: result: yes
configure:12714: checking for GNU libc compatible malloc
configure:12738: gcc -o conftest -g -O2   conftest.c -lpthread -lrt -lm  >&5
configure:12738: $? = 0
configure:12738: ./conftest
configure:12738: $? = 0
configure:12748: result: yes
configure:12886: checking that generated files are newer than configure
configure:12892: result: done
configure:12915: creating ./config.status

## ---------------- ##
## Cache variables. ##
## ---------------- ##

ac_cv_build=x86_64-unknown-linux-gnu
ac_cv_c_compiler_gnu=yes
ac_cv_env_CC_set=
ac_cv_env_CC_value=
ac_cv_env_CFLAGS_set=
ac_cv_env_CFLAGS_value=
ac_cv_env_CPPFLAGS_set=
ac_cv_env_CPPFLAGS_value=
ac_cv_env_CPP_set=
ac_cv_env_CPP_value=
ac_cv_env_LDFLAGS_set=
ac_cv_env_LDFLAGS_value=
ac_cv_env_LIBS_set=
ac_cv_env_LIBS_value=
ac_cv_env_build_alias_set=
ac_cv_env_build_alias_value=
ac_cv_env_host_alias_set=
ac_cv_env_host_alias_value=
ac_cv_env_target_alias_set=
ac_cv_env_target_alias_value=
ac_cv_func_malloc_0_nonnull=yes
ac_cv_header_dlfcn_h=yes
ac_cv_header_inttypes_h=yes
ac_cv_header_memory_h=yes
ac_cv_header_stdc=yes
ac_cv_header_stdint_h=yes
ac_cv_header_stdlib_h=yes
ac_cv_header_string_h=yes
ac_cv_header_strings_h=yes
ac_cv_header_sys_stat_h=yes
ac_cv_header_sys_types_h=yes
ac_cv_header_unistd_h=yes
ac_cv_host=x86_64-unknown-linux-gnu
ac_cv_lib_m_floor=yes
ac_cv_lib_pthread_pthread_create=yes
ac_cv_lib_rt_setitimer=yes
ac_cv_objext=o
ac_cv_path_EGREP='/bin/grep -E'
ac_cv_path_FGREP='/bin/grep -F'
ac_cv_path_GREP=/bin/grep
ac_cv_path_SED=/bin/sed
ac_cv_path_install='/usr/bin/install -c'
ac_cv_path_mkdir=/bin/mkdir
ac_cv_prog_AWK=mawk
ac_cv_prog_CPP='gcc -E'
ac_cv_prog_ac_ct_AR=ar
ac_cv_prog_ac_ct_CC=gcc
ac_cv_prog_ac_ct_MANIFEST_TOOL=mt
ac_cv_prog_ac_ct_OBJDUMP=objdump
ac_cv_prog_ac_ct_RANLIB=ranlib
ac_cv_prog_ac_ct_STRIP=strip
ac_cv_prog_cc_c89=
ac_cv_prog_cc_g=yes
ac_cv_prog_make_make_set=yes
am_cv_CC_dependencies_compiler_type=gcc3
am_cv_ar_interface=ar
am_cv_make_support_nested_variables=yes
am_cv_prog_cc_c_o=yes
lt_cv_ar_at_file=@
lt_cv_archive_cmds_need_lc=no
lt_cv_deplibs_check_method=pass_all
lt_cv_file_magic_cmd='$MAGIC_CMD'
lt_cv_file_magic_test_file=
lt_cv_ld_reload_flag=-r
lt_cv_nm_interface='BSD nm'
lt_cv_objdir=.libs
lt_cv_path_LD=/usr/bin/ld
lt_cv_path_NM='/usr/bin/nm -B'
lt_cv_path_mainfest_tool=no
lt_cv_prog_compiler_c_o=yes
lt_cv_prog_compiler_pic='-fPIC -DPIC'
lt_cv_prog_compiler_pic_works=yes
lt_cv_prog_compiler_rtti_exceptions=no
lt_cv_prog_compiler_static_works=yes
lt_cv_prog_gnu_ld=yes
lt_cv_sharedlib_from_linklib_cmd='printf %s\n'
lt_cv_shlibpath_overrides_runpath=no
lt_cv_sys_global_symbol_pipe='sed -n -e '\''s/^.*[	 ]\([ABCDGIRSTW][ABCDGIRSTW]*\)[	 ][	 ]*\([_A-Za-z][_A-Za-z0-9]*\)$/\1 \2 \2/p'\'' | sed '\''/ __gnu_lto/d'\'''
lt_cv_sys_global_symbol_to_c_name_address='sed -n -e '\''s/^: \([^ ]*\)[ ]*$/  {\"\1\", (void *) 0},/p'\'' -e '\''s/^[ABCDGIRSTW]* \([^ ]*\) \([^ ]*\)$/  {"\2", (void *) \&\2},/p'\'''
lt_cv_sys_global_symbol_to_c_name_address_lib_prefix='sed -n -e '\''s/^: \([^ ]*\)[ ]*$/  {\"\1\", (void *) 0},/p'\'' -e '\''s/^[ABCDGIRSTW]* \([^ ]*\) \(lib[^ ]*\)$/  {"\2", (void *) \&\2},/p'\'' -e '\''s/^[ABCDGIRSTW]* \([^ ]*\) \([^ ]*\)$/  {"lib\2", (void *) \&\2},/p'\'''
lt_cv_sys_global_symbol_to_cdecl='sed -n -e '\''s/^T .* \(.*\)$/extern int \1();/p'\'' -e '\''s/^[ABCDGIRSTW]* .* \(.*\)$/extern char \1;/p'\'''
lt_cv_sys_max_cmd_len=3458764513820540925
lt_cv_to_host_file_cmd=func_convert_file_noop
lt_cv_to_tool_file_cmd=func_convert_file_noop

## ----------------- ##
## Output variables. ##
## ----------------- ##

ACLOCAL='${SHELL} /home/prahalad/Desktop/avo/Roman_calculator/roman_calculator/build-aux/missing aclocal-1.14'
AMDEPBACKSLASH='\'
AMDEP_FALSE='#'
AMDEP_TRUE=''
AMTAR='$${TAR-tar}'
AM_BACKSLASH='\'
AM_DEFAULT_V='$(AM_DEFAULT_VERBOSITY)'
AM_DEFAULT_VERBOSITY='1'
AM_V='$(V)'
AR='ar'
AUTOCONF='${SHELL} /home/prahalad/Desktop/avo/Roman_calculator/roman_calculator/build-aux/missing autoconf'
AUTOHEADER='${SHELL} /home/prahalad/Desktop/avo/Roman_calculator/roman_calculator/build-aux/missing autoheader'
AUTOMAKE='${SHELL} /home/prahalad/Desktop/avo/Roman_calculator/roman_calculator/build-aux/missing automake-1.14'
AWK='mawk'
CC='gcc'
CCDEPMODE='depmode=gcc3'
CFLAGS='-g -O2'
CHECK_CFLAGS=''
CHECK_LIBS='-lcheck'
CPP='gcc -E'
CPPFLAGS=''
CYGPATH_W='echo'
DEFS='-DHAVE_CONFIG_H'
DEPDIR='.deps'
DLLTOOL='false'
DSYMUTIL=''
DUMPBIN=''
ECHO_C=''
ECHO_N='-n'
ECHO_T=''
EGREP='/bin/grep -E'
EXEEXT=''
FGREP='/bin/grep -F'
GREP='/bin/grep'
INSTALL_DATA='${INSTALL} -m 644'
INSTALL_PROGRAM='${INSTALL}'
INSTALL_SCRIPT='${INSTALL}'
INSTALL_STRIP_PROGRAM='$(install_sh) -c -s'
LD='/usr/bin/ld -m elf_x86_64'
LDFLAGS=''
LIBOBJS=''
LIBS='-lpthread -lrt -lm '
LIBTOOL='$(SHELL) $(top_builddir)/libtool'
LIPO=''
LN_S='ln -s'
LTLIBOBJS=''
MAKEINFO='${SHELL} /home/prahalad/Desktop/avo/Roman_calculator/roman_calculator/build-aux/missing makeinfo'
MANIFEST_TOOL=':'
MKDIR_P='/bin/mkdir -p'
NM='/usr/bin/nm -B'
NMEDIT=''
OBJDUMP='objdump'
OBJEXT='o'
OTOOL64=''
OTOOL=''
PACKAGE='calculate'
PACKAGE_BUGREPORT='check-devel AT lists.sourceforge.net'
PACKAGE_NAME='Calculate'
PACKAGE_STRING='Calculate 0.3'
PACKAGE_TARNAME='calculate'
PACKAGE_URL=''
PACKAGE_VERSION='0.3'
PATH_SEPARATOR=':'
RANLIB='ranlib'
SED='/bin/sed'
SET_MAKE=''
SHELL='/bin/bash'
STRIP='strip'
VERSION='0.3'
ac_ct_AR='ar'
ac_ct_CC='gcc'
ac_ct_DUMPBIN=''
am__EXEEXT_FALSE=''
am__EXEEXT_TRUE='#'
am__fastdepCC_FALSE='#'
am__fastdepCC_TRUE=''
am__include='include'
am__isrc=''
am__leading_dot='.'
am__nodep='_no'
am__quote=''
am__tar='$${TAR-tar} chof - "$$tardir"'
am__untar='$${TAR-tar} xf -'
bindir='${exec_prefix}/bin'
build='x86_64-unknown-linux-gnu'
build_alias=''
build_cpu='x86_64'
build_os='linux-gnu'
build_vendor='unknown'
datadir='${datarootdir}'
datarootdir='${prefix}/share'
docdir='${datarootdir}/doc/${PACKAGE_TARNAME}'
dvidir='${docdir}'
exec_prefix='${prefix}'
host='x86_64-unknown-linux-gnu'
host_alias=''
host_cpu='x86_64'
host_os='linux-gnu'
host_vendor='unknown'
htmldir='${docdir}'
includedir='${prefix}/include'
infodir='${datarootdir}/info'
install_sh='${SHELL} /home/prahalad/Desktop/avo/Roman_calculator/roman_calculator/build-aux/install-sh'
libdir='${exec_prefix}/lib'
libexecdir='${exec_prefix}/libexec'
localedir='${datarootdir}/locale'
localstatedir='${prefix}/var'
mandir='${datarootdir}/man'
mkdir_p='$(MKDIR_P)'
oldincludedir='/usr/include'
pdfdir='${docdir}'
prefix='/usr/local'
program_transform_name='s,x,x,'
psdir='${docdir}'
sbindir='${exec_prefix}/sbin'
sharedstatedir='${prefix}/com'
sysconfdir='${prefix}/etc'
target_alias=''

## ----------- ##
## confdefs.h. ##
## ----------- ##

/* confdefs.h */
#define PACKAGE_NAME "Calculate"
#define PACKAGE_TARNAME "calculate"
#define PACKAGE_VERSION "0.3"
#define PACKAGE_STRING "Calculate 0.3"
#define PACKAGE_BUGREPORT "check-devel AT lists.sourceforge.net"
#define PACKAGE_URL ""
#define PACKAGE "calculate"
#define VERSION "0.3"
#define STDC_HEADERS 1
#define HAVE_SYS_TYPES_H 1
#define HAVE_SYS_STAT_H 1
#define HAVE_STDLIB_H 1
#define HAVE_STRING_H 1
#define HAVE_MEMORY_H 1
#define HAVE_STRINGS_H 1
#define HAVE_INTTYPES_H 1
#define HAVE_STDINT_H 1
#define HAVE_UNISTD_H 1
#define HAVE_DLFCN_H 1
#define LT_OBJDIR ".libs/"
#define HAVE_LIBM 1
#define HAVE_LIBRT 1
#define HAVE_LIBPTHREAD 1
#define STDC_HEADERS 1
#define HAVE_STDLIB_H 1
#define HAVE_STDLIB_H 1
#define HAVE_MALLOC 1

configure: exit 0

## ---------------------- ##
## Running config.status. ##
## ---------------------- ##

This file was extended by Calculate config.status 0.3, which was
generated by GNU Autoconf 2.69.  Invocation command line was

  CONFIG_FILES    = 
  CONFIG_HEADERS  = 
  CONFIG_LINKS    = 
  CONFIG_COMMANDS = 
  $ ./config.status 

on prahalad-Lenovo-G510

config.status:1091: creating Makefile
config.status:1091: creating src/Makefile
config.status:1091: creating tests/Makefile
config.status:1091: creating config.h
config.status:1272: config.h is unchanged
config.status:1320: executing depfiles commands
config.status:1320: executing libtool commands

## ---------------------- ##
## Running config.status. ##
## ---------------------- ##

This file was extended by Calculate config.status 0.3, which was
generated by GNU Autoconf 2.69.  Invocation command line was

  CONFIG_FILES    = 
  CONFIG_HEADERS  = 
  CONFIG_LINKS    = 
  CONFIG_COMMANDS = 
  $ ./config.status config.h

on prahalad-Lenovo-G510

config.status:1091: creating config.h
config.status:1272: config.h is unchanged
